{
  "stats": {
    "suites": 1,
    "tests": 3,
    "passes": 3,
    "pending": 0,
    "failures": 0,
    "start": "2022-11-03T19:35:39.829Z",
    "end": "2022-11-03T19:35:46.476Z",
    "duration": 6647,
    "testsRegistered": 3,
    "passPercent": 100,
    "pendingPercent": 0,
    "other": 0,
    "hasOther": false,
    "skipped": 0,
    "hasSkipped": false
  },
  "results": [
    {
      "uuid": "1504913d-b809-4776-930c-e7befb7d3afa",
      "title": "",
      "fullFile": "cypress/e2e/ALURAPIC/alurapic.spec.cy.js",
      "file": "cypress/e2e/ALURAPIC/alurapic.spec.cy.js",
      "beforeHooks": [],
      "afterHooks": [],
      "tests": [],
      "suites": [
        {
          "uuid": "78d3fdcd-60ca-477d-a672-405f83747956",
          "title": "Alura  Pic",
          "fullFile": "",
          "file": "",
          "beforeHooks": [],
          "afterHooks": [],
          "tests": [
            {
              "title": "verifica mensagens validacao",
              "fullTitle": "Alura  Pic verifica mensagens validacao",
              "timedOut": null,
              "duration": 2123,
              "state": "passed",
              "speed": "fast",
              "pass": true,
              "fail": false,
              "pending": false,
              "context": null,
              "code": "cy.contains('a', 'Register now').click();\ncy.contains('button', 'Register').click();\ncy.contains('button', 'Register').click();\ncy.contains('ap-vmessage', 'User name is required!').should('be.visible');\ncy.contains('ap-vmessage', 'Password is required!').should('be.visible');\ncy.contains('ap-vmessage', 'Email is required!').should('be.visible');\ncy.contains('ap-vmessage', 'Full name is required!').should('be.visible');",
              "err": {},
              "uuid": "9b83a77a-9fdf-4273-84b1-574d773a8005",
              "parentUUID": "78d3fdcd-60ca-477d-a672-405f83747956",
              "isHook": false,
              "skipped": false
            },
            {
              "title": "verifica mensagem de email",
              "fullTitle": "Alura  Pic verifica mensagem de email",
              "timedOut": null,
              "duration": 1323,
              "state": "passed",
              "speed": "fast",
              "pass": true,
              "fail": false,
              "pending": false,
              "context": null,
              "code": "cy.contains('a', 'Register now').click();\ncy.contains('button', 'Register').click();\ncy.get('input[formcontrolname=\"email\"]').type('Jaqueline');\ncy.contains('ap-vmessage', 'Invalid e-mail').should('be.visible');",
              "err": {},
              "uuid": "d0fac6b0-f206-4893-8ec4-b1440b6b3841",
              "parentUUID": "78d3fdcd-60ca-477d-a672-405f83747956",
              "isHook": false,
              "skipped": false
            },
            {
              "title": "verifica mensagem de password",
              "fullTitle": "Alura  Pic verifica mensagem de password",
              "timedOut": null,
              "duration": 1159,
              "state": "passed",
              "speed": "fast",
              "pass": true,
              "fail": false,
              "pending": false,
              "context": null,
              "code": "cy.contains('a', 'Register now').click();\ncy.contains('button', 'Register').click();\ncy.get('input[formcontrolname=\"password\"]').type('123');\ncy.contains('button', 'Register').click();\ncy.contains('ap-vmessage', 'Mininum length is 8').should('be.visible');",
              "err": {},
              "uuid": "dfd3667e-8b0f-44f0-94ee-a0ccf776de5d",
              "parentUUID": "78d3fdcd-60ca-477d-a672-405f83747956",
              "isHook": false,
              "skipped": false
            }
          ],
          "suites": [],
          "passes": [
            "9b83a77a-9fdf-4273-84b1-574d773a8005",
            "d0fac6b0-f206-4893-8ec4-b1440b6b3841",
            "dfd3667e-8b0f-44f0-94ee-a0ccf776de5d"
          ],
          "failures": [],
          "pending": [],
          "skipped": [],
          "duration": 4605,
          "root": false,
          "rootEmpty": false,
          "_timeout": 2000
        }
      ],
      "passes": [],
      "failures": [],
      "pending": [],
      "skipped": [],
      "duration": 0,
      "root": true,
      "rootEmpty": true,
      "_timeout": 2000
    }
  ],
  "meta": {
    "mocha": {
      "version": "7.0.1"
    },
    "mochawesome": {
      "options": {
        "quiet": false,
        "reportFilename": "mochawesome",
        "saveHtml": true,
        "saveJson": true,
        "consoleReporter": "spec",
        "useInlineDiffs": false,
        "code": true
      },
      "version": "7.1.3"
    },
    "marge": {
      "options": null,
      "version": "6.2.0"
    }
  }
}